<?xml version="1.0" encoding="UTF-8"?>
<!-- Generated by org.testng.reporters.JUnitReportReporter -->
<testsuite skipped="0" hostname="DESKTOP-9PD7IV1" name="gmailLoginFunction.TotestExcel" tests="1" failures="0" timestamp="2020-03-23T22:45:06 IST" time="0.736" errors="0">
  <testcase name="drawdatafromExcle" time="0.736" classname="gmailLoginFunction.TotestExcel"/>
  <system-out/>
</testsuite> <!-- gmailLoginFunction.TotestExcel -->
